24-Nov-2017 21:01:44.866 정보 [main] org.apache.catalina.startup.VersionLoggerListener.log Server version:        Apache Tomcat/8.5.23
24-Nov-2017 21:01:44.873 정보 [main] org.apache.catalina.startup.VersionLoggerListener.log Server built:          Sep 28 2017 10:30:11 UTC
24-Nov-2017 21:01:44.873 정보 [main] org.apache.catalina.startup.VersionLoggerListener.log Server number:         8.5.23.0
24-Nov-2017 21:01:44.873 정보 [main] org.apache.catalina.startup.VersionLoggerListener.log OS Name:               Windows 10
24-Nov-2017 21:01:44.873 정보 [main] org.apache.catalina.startup.VersionLoggerListener.log OS Version:            10.0
24-Nov-2017 21:01:44.874 정보 [main] org.apache.catalina.startup.VersionLoggerListener.log Architecture:          amd64
24-Nov-2017 21:01:44.874 정보 [main] org.apache.catalina.startup.VersionLoggerListener.log Java Home:             C:\Program Files\Java\jdk1.8.0_131\jre
24-Nov-2017 21:01:44.874 정보 [main] org.apache.catalina.startup.VersionLoggerListener.log JVM Version:           1.8.0_131-b11
24-Nov-2017 21:01:44.874 정보 [main] org.apache.catalina.startup.VersionLoggerListener.log JVM Vendor:            Oracle Corporation
24-Nov-2017 21:01:44.874 정보 [main] org.apache.catalina.startup.VersionLoggerListener.log CATALINA_BASE:         C:\Users\John\Desktop\gitgitgit\sogongGG\apache-tomcat-8.5.23
24-Nov-2017 21:01:44.875 정보 [main] org.apache.catalina.startup.VersionLoggerListener.log CATALINA_HOME:         C:\Users\John\Desktop\gitgitgit\sogongGG\apache-tomcat-8.5.23
24-Nov-2017 21:01:44.875 정보 [main] org.apache.catalina.startup.VersionLoggerListener.log Command line argument: -Djava.util.logging.config.file=C:/Users/John/Desktop/gitgitgit/sogongGG/apache-tomcat-8.5.23/conf/logging.properties
24-Nov-2017 21:01:44.875 정보 [main] org.apache.catalina.startup.VersionLoggerListener.log Command line argument: -Djava.util.logging.manager=org.apache.juli.ClassLoaderLogManager
24-Nov-2017 21:01:44.875 정보 [main] org.apache.catalina.startup.VersionLoggerListener.log Command line argument: -Djdk.tls.ephemeralDHKeySize=2048
24-Nov-2017 21:01:44.876 정보 [main] org.apache.catalina.startup.VersionLoggerListener.log Command line argument: -Djava.protocol.handler.pkgs=org.apache.catalina.webresources
24-Nov-2017 21:01:44.876 정보 [main] org.apache.catalina.startup.VersionLoggerListener.log Command line argument: -Dcatalina.base=C:/Users/John/Desktop/gitgitgit/sogongGG/apache-tomcat-8.5.23
24-Nov-2017 21:01:44.876 정보 [main] org.apache.catalina.startup.VersionLoggerListener.log Command line argument: -Dcatalina.home=C:/Users/John/Desktop/gitgitgit/sogongGG/apache-tomcat-8.5.23
24-Nov-2017 21:01:44.876 정보 [main] org.apache.catalina.startup.VersionLoggerListener.log Command line argument: -Djava.io.tmpdir=C:/Users/John/Desktop/gitgitgit/sogongGG/apache-tomcat-8.5.23/temp
24-Nov-2017 21:01:44.877 정보 [main] org.apache.catalina.core.AprLifecycleListener.lifecycleEvent The APR based Apache Tomcat Native library which allows optimal performance in production environments was not found on the java.library.path: [C:\Program Files\Java\jdk1.8.0_131\bin;C:\WINDOWS\Sun\Java\bin;C:\WINDOWS\system32;C:\WINDOWS;C:\Users\John\bin;C:\Program Files\Git\mingw64\bin;C:\Program Files\Git\usr\local\bin;C:\Program Files\Git\usr\bin;C:\Program Files\Git\usr\bin;C:\Program Files\Git\mingw64\bin;C:\Program Files\Git\usr\bin;C:\Users\John\bin;C:\ProgramData\Oracle\Java\javapath;C:\Program Files\Microsoft MPI\Bin;C:\Program Files (x86)\Intel\iCLS Client;C:\Program Files\Intel\iCLS Client;C:\Windows\system32;C:\Windows;C:\Windows\System32\Wbem;C:\Windows\System32\WindowsPowerShell\v1.0;C:\Program Files\Intel\Intel(R) Management Engine Components\DAL;C:\Program Files\Intel\Intel(R) Management Engine Components\IPT;C:\Program Files (x86)\Intel\Intel(R) Management Engine Components\DAL;C:\Program Files (x86)\Intel\Intel(R) Management Engine Components\IPT;C:\Program Files\Intel\WiFi\bin;C:\Program Files\Common Files\Intel\WirelessCommon;C:\Program Files (x86)\NVIDIA Corporation\PhysX\Common;C:\Program Files\Microsoft SQL Server\130\Tools\Binn;C:\Program Files\dotnet;C:\Program Files\Anaconda3;C:\Program Files\Anaconda3\Scripts;C:\Program Files\Anaconda3\Library\bin;C:\Program Files\Git\cmd;C:\Program Files (x86)\GtkSharp\2.12\bin;C:\WINDOWS\system32;C:\WINDOWS;C:\WINDOWS\System32\Wbem;C:\WINDOWS\System32\WindowsPowerShell\v1.0;C:\Program Files\Python36\Scripts;C:\Program Files\Python36;C:\Program Files\Java\jdk1.8.0_131\bin;C:\Program Files\MySQL\MySQL Utilities 1.6;C:\Go\bin;C:\Program Files\Intel\WiFi\bin;C:\Program Files\Common Files\Intel\WirelessCommon;C:\Users\John\AppData\Local\Microsoft\WindowsApps;C:\Program Files\Bandizip;C:\Program Files\Java\jdk1.8.0_131\bin;C:\Go\bin;C:\Program Files\Git\usr\bin\vendor_perl;C:\Program Files\Git\usr\bin\core_perl;.]
24-Nov-2017 21:01:45.074 정보 [main] org.apache.coyote.AbstractProtocol.init Initializing ProtocolHandler ["http-nio-8080"]
24-Nov-2017 21:01:45.466 정보 [main] org.apache.tomcat.util.net.NioSelectorPool.getSharedSelector Using a shared selector for servlet write/read
24-Nov-2017 21:01:45.472 정보 [main] org.apache.coyote.AbstractProtocol.init Initializing ProtocolHandler ["ajp-nio-8009"]
24-Nov-2017 21:01:45.476 정보 [main] org.apache.tomcat.util.net.NioSelectorPool.getSharedSelector Using a shared selector for servlet write/read
24-Nov-2017 21:01:45.476 정보 [main] org.apache.catalina.startup.Catalina.load Initialization processed in 1197 ms
24-Nov-2017 21:01:45.527 정보 [main] org.apache.catalina.core.StandardService.startInternal Starting service [Catalina]
24-Nov-2017 21:01:45.527 정보 [main] org.apache.catalina.core.StandardEngine.startInternal Starting Servlet Engine: Apache Tomcat/8.5.23
24-Nov-2017 21:01:45.561 정보 [localhost-startStop-1] org.apache.catalina.startup.HostConfig.deployDirectory Deploying web application directory [C:\Users\John\Desktop\gitgitgit\sogongGG\apache-tomcat-8.5.23\webapps\ROOT]
24-Nov-2017 21:01:46.136 정보 [localhost-startStop-1] org.apache.catalina.startup.HostConfig.deployDirectory Deployment of web application directory [C:\Users\John\Desktop\gitgitgit\sogongGG\apache-tomcat-8.5.23\webapps\ROOT] has finished in [573] ms
24-Nov-2017 21:01:46.142 정보 [main] org.apache.coyote.AbstractProtocol.start Starting ProtocolHandler ["http-nio-8080"]
24-Nov-2017 21:01:46.158 정보 [main] org.apache.coyote.AbstractProtocol.start Starting ProtocolHandler ["ajp-nio-8009"]
24-Nov-2017 21:01:46.162 정보 [main] org.apache.catalina.startup.Catalina.start Server startup in 685 ms
24-Nov-2017 21:05:06.707 정보 [ContainerBackgroundProcessor[StandardEngine[Catalina]]] org.apache.catalina.startup.HostConfig.undeploy Undeploying context []
24-Nov-2017 21:05:17.081 정보 [main] org.apache.catalina.core.StandardServer.await A valid shutdown command was received via the shutdown port. Stopping the Server instance.
24-Nov-2017 21:05:17.083 정보 [main] org.apache.coyote.AbstractProtocol.pause Pausing ProtocolHandler ["http-nio-8080"]
24-Nov-2017 21:05:17.837 정보 [main] org.apache.coyote.AbstractProtocol.pause Pausing ProtocolHandler ["ajp-nio-8009"]
24-Nov-2017 21:05:18.373 정보 [main] org.apache.catalina.core.StandardService.stopInternal Stopping service [Catalina]
24-Nov-2017 21:05:18.377 정보 [main] org.apache.coyote.AbstractProtocol.stop Stopping ProtocolHandler ["http-nio-8080"]
24-Nov-2017 21:05:18.380 정보 [main] org.apache.coyote.AbstractProtocol.stop Stopping ProtocolHandler ["ajp-nio-8009"]
24-Nov-2017 21:05:18.382 정보 [main] org.apache.coyote.AbstractProtocol.destroy Destroying ProtocolHandler ["http-nio-8080"]
24-Nov-2017 21:05:18.384 정보 [main] org.apache.coyote.AbstractProtocol.destroy Destroying ProtocolHandler ["ajp-nio-8009"]
