25-Nov-2017 14:50:01.655 정보 [main] org.apache.catalina.startup.VersionLoggerListener.log Server version:        Apache Tomcat/8.5.23
25-Nov-2017 14:50:01.659 정보 [main] org.apache.catalina.startup.VersionLoggerListener.log Server built:          Sep 28 2017 10:30:11 UTC
25-Nov-2017 14:50:01.660 정보 [main] org.apache.catalina.startup.VersionLoggerListener.log Server number:         8.5.23.0
25-Nov-2017 14:50:01.660 정보 [main] org.apache.catalina.startup.VersionLoggerListener.log OS Name:               Windows 10
25-Nov-2017 14:50:01.660 정보 [main] org.apache.catalina.startup.VersionLoggerListener.log OS Version:            10.0
25-Nov-2017 14:50:01.660 정보 [main] org.apache.catalina.startup.VersionLoggerListener.log Architecture:          amd64
25-Nov-2017 14:50:01.660 정보 [main] org.apache.catalina.startup.VersionLoggerListener.log Java Home:             C:\Program Files\Java\jdk1.8.0_144\jre
25-Nov-2017 14:50:01.661 정보 [main] org.apache.catalina.startup.VersionLoggerListener.log JVM Version:           1.8.0_144-b01
25-Nov-2017 14:50:01.661 정보 [main] org.apache.catalina.startup.VersionLoggerListener.log JVM Vendor:            Oracle Corporation
25-Nov-2017 14:50:01.661 정보 [main] org.apache.catalina.startup.VersionLoggerListener.log CATALINA_BASE:         C:\Users\94and\Desktop\SoftwareEngineering\sogongGG\apache-tomcat-8.5.23
25-Nov-2017 14:50:01.661 정보 [main] org.apache.catalina.startup.VersionLoggerListener.log CATALINA_HOME:         C:\Users\94and\Desktop\SoftwareEngineering\sogongGG\apache-tomcat-8.5.23
25-Nov-2017 14:50:01.661 정보 [main] org.apache.catalina.startup.VersionLoggerListener.log Command line argument: -Djava.util.logging.config.file=C:\Users\94and\Desktop\SoftwareEngineering\sogongGG\apache-tomcat-8.5.23\conf\logging.properties
25-Nov-2017 14:50:01.661 정보 [main] org.apache.catalina.startup.VersionLoggerListener.log Command line argument: -Djava.util.logging.manager=org.apache.juli.ClassLoaderLogManager
25-Nov-2017 14:50:01.662 정보 [main] org.apache.catalina.startup.VersionLoggerListener.log Command line argument: -Djdk.tls.ephemeralDHKeySize=2048
25-Nov-2017 14:50:01.663 정보 [main] org.apache.catalina.startup.VersionLoggerListener.log Command line argument: -Djava.protocol.handler.pkgs=org.apache.catalina.webresources
25-Nov-2017 14:50:01.663 정보 [main] org.apache.catalina.startup.VersionLoggerListener.log Command line argument: -Dcatalina.base=C:\Users\94and\Desktop\SoftwareEngineering\sogongGG\apache-tomcat-8.5.23
25-Nov-2017 14:50:01.663 정보 [main] org.apache.catalina.startup.VersionLoggerListener.log Command line argument: -Dcatalina.home=C:\Users\94and\Desktop\SoftwareEngineering\sogongGG\apache-tomcat-8.5.23
25-Nov-2017 14:50:01.663 정보 [main] org.apache.catalina.startup.VersionLoggerListener.log Command line argument: -Djava.io.tmpdir=C:\Users\94and\Desktop\SoftwareEngineering\sogongGG\apache-tomcat-8.5.23\temp
25-Nov-2017 14:50:01.664 정보 [main] org.apache.catalina.core.AprLifecycleListener.lifecycleEvent The APR based Apache Tomcat Native library which allows optimal performance in production environments was not found on the java.library.path: [C:\Program Files\Java\jdk1.8.0_144\bin;C:\WINDOWS\Sun\Java\bin;C:\WINDOWS\system32;C:\WINDOWS;C:\ProgramData\Oracle\Java\javapath;D:\app\client\94and\product\12.2.0\client_1\bin;C:\Windows\system32;C:\Windows;C:\Windows\System32\Wbem;C:\Windows\System32\WindowsPowerShell\v1.0\;C:\Program Files (x86)\NVIDIA Corporation\PhysX\Common;C:\Program Files\Intel\WiFi\bin\;C:\Program Files\Common Files\Intel\WirelessCommon\;C:\Users\94and\.dnx\bin;C:\Program Files\Microsoft DNX\Dnvm\;C:\Program Files\Microsoft SQL Server\130\Tools\Binn\;C:\Program Files (x86)\Windows Kits\8.1\Windows Performance Toolkit\;C:\Program Files\Java\jdk1.8.0_121\bin;C:\Program Files\Java\jdk1.8.0_144\bin;C:\Program Files (x86)\Skype\Phone\;C:\WINDOWS\system32;C:\WINDOWS;C:\WINDOWS\System32\Wbem;C:\WINDOWS\System32\WindowsPowerShell\v1.0\;C:\Users\94and\AppData\Local\Microsoft\WindowsApps;C:\Program Files\Intel\WiFi\bin\;C:\Program Files\Common Files\Intel\WirelessCommon\;C:\opencv\build\x64\vc14\bin;C:\opencv2.4\opencv\build\x64\vc14\bin;C:\Users\94and\AppData\Local\GitHubDesktop\bin;.]
25-Nov-2017 14:50:01.780 정보 [main] org.apache.coyote.AbstractProtocol.init Initializing ProtocolHandler ["http-nio-8080"]
25-Nov-2017 14:50:02.033 정보 [main] org.apache.tomcat.util.net.NioSelectorPool.getSharedSelector Using a shared selector for servlet write/read
25-Nov-2017 14:50:02.039 정보 [main] org.apache.coyote.AbstractProtocol.init Initializing ProtocolHandler ["ajp-nio-8009"]
25-Nov-2017 14:50:02.041 정보 [main] org.apache.tomcat.util.net.NioSelectorPool.getSharedSelector Using a shared selector for servlet write/read
25-Nov-2017 14:50:02.042 정보 [main] org.apache.catalina.startup.Catalina.load Initialization processed in 774 ms
25-Nov-2017 14:50:02.075 정보 [main] org.apache.catalina.core.StandardService.startInternal Starting service [Catalina]
25-Nov-2017 14:50:02.076 정보 [main] org.apache.catalina.core.StandardEngine.startInternal Starting Servlet Engine: Apache Tomcat/8.5.23
25-Nov-2017 14:50:02.090 정보 [localhost-startStop-1] org.apache.catalina.startup.HostConfig.deployDirectory Deploying web application directory [C:\Users\94and\Desktop\SoftwareEngineering\sogongGG\apache-tomcat-8.5.23\webapps\ROOT]
25-Nov-2017 14:50:02.500 정보 [localhost-startStop-1] org.apache.catalina.startup.HostConfig.deployDirectory Deployment of web application directory [C:\Users\94and\Desktop\SoftwareEngineering\sogongGG\apache-tomcat-8.5.23\webapps\ROOT] has finished in [409] ms
25-Nov-2017 14:50:02.504 정보 [main] org.apache.coyote.AbstractProtocol.start Starting ProtocolHandler ["http-nio-8080"]
25-Nov-2017 14:50:02.512 정보 [main] org.apache.coyote.AbstractProtocol.start Starting ProtocolHandler ["ajp-nio-8009"]
25-Nov-2017 14:50:02.514 정보 [main] org.apache.catalina.startup.Catalina.start Server startup in 472 ms
