18-Nov-2017 19:24:46.203 정보 [localhost-startStop-1] org.apache.catalina.core.ApplicationContext.log ContextListener: contextInitialized()
18-Nov-2017 19:24:46.203 정보 [localhost-startStop-1] org.apache.catalina.core.ApplicationContext.log SessionListener: contextInitialized()
18-Nov-2017 19:24:48.362 정보 [localhost-startStop-1] org.apache.catalina.core.ApplicationContext.log ContextListener: contextInitialized()
18-Nov-2017 19:24:48.362 정보 [localhost-startStop-1] org.apache.catalina.core.ApplicationContext.log SessionListener: contextInitialized()
18-Nov-2017 19:24:48.779 정보 [localhost-startStop-1] org.apache.catalina.core.ApplicationContext.log SessionListener: contextDestroyed()
18-Nov-2017 19:24:48.779 정보 [localhost-startStop-1] org.apache.catalina.core.ApplicationContext.log ContextListener: contextDestroyed()
18-Nov-2017 19:28:28.285 정보 [localhost-startStop-2] org.apache.catalina.core.ApplicationContext.log SessionListener: contextDestroyed()
18-Nov-2017 19:28:28.285 정보 [localhost-startStop-2] org.apache.catalina.core.ApplicationContext.log ContextListener: contextDestroyed()
18-Nov-2017 19:40:43.496 심각 [http-nio-8080-exec-3] org.apache.catalina.core.StandardWrapperValve.invoke Servlet.service() for servlet [jsp] in context with path [] threw exception [Unable to compile class for JSP: 

An error occurred at line: [15] in the generated java file: [C:\Users\John\Desktop\apache-tomcat-8.5.23\work\Catalina\localhost\ROOT\org\apache\jsp\index_jsp.java]
Only a type can be imported. model.Product resolves to a package

An error occurred at line: [17] in the generated java file: [C:\Users\John\Desktop\apache-tomcat-8.5.23\work\Catalina\localhost\ROOT\org\apache\jsp\index_jsp.java]
Only a type can be imported. dao.ProductDAOImpl resolves to a package

An error occurred at line: [76] in the jsp file: [/index.jsp]
ProductDAOImpl cannot be resolved to a type
73: 			<div id="left"><jsp:include page="category.jsp"></jsp:include></div>
74: 			<div id="right">
75: 				<%
76: 					ProductDAOImpl productDAO = new ProductDAOImpl();
77: 						List<Product> list = new ArrayList<Product>();
78: 						list = productDAO.getList();
79: 						String ma_the_loai = null;


An error occurred at line: [76] in the jsp file: [/index.jsp]
ProductDAOImpl cannot be resolved to a type
73: 			<div id="left"><jsp:include page="category.jsp"></jsp:include></div>
74: 			<div id="right">
75: 				<%
76: 					ProductDAOImpl productDAO = new ProductDAOImpl();
77: 						List<Product> list = new ArrayList<Product>();
78: 						list = productDAO.getList();
79: 						String ma_the_loai = null;


An error occurred at line: [77] in the jsp file: [/index.jsp]
Product cannot be resolved to a type
74: 			<div id="right">
75: 				<%
76: 					ProductDAOImpl productDAO = new ProductDAOImpl();
77: 						List<Product> list = new ArrayList<Product>();
78: 						list = productDAO.getList();
79: 						String ma_the_loai = null;
80: 						if (request.getParameter("ma_the_loai") != null) {


An error occurred at line: [77] in the jsp file: [/index.jsp]
Product cannot be resolved to a type
74: 			<div id="right">
75: 				<%
76: 					ProductDAOImpl productDAO = new ProductDAOImpl();
77: 						List<Product> list = new ArrayList<Product>();
78: 						list = productDAO.getList();
79: 						String ma_the_loai = null;
80: 						if (request.getParameter("ma_the_loai") != null) {


An error occurred at line: [90] in the jsp file: [/index.jsp]
Product cannot be resolved to a type
87: 					<ul class="products homepage">
88: 						<%
89: 							if (ma_the_loai != null) {
90: 									for (Product p : productDAO.getListByCategory(Integer
91: 											.parseInt(ma_the_loai))) {
92: 						%>
93: 


An error occurred at line: [114] in the jsp file: [/index.jsp]
Product cannot be resolved to a type
111: 						<%
112: 							}
113: 								} else {
114: 									for (Product p : productDAO.getList()) {
115: 						%>
116: 
117: 						<li class="preorder"><span class="tagimg "></span> <a


Stacktrace:] with root cause
 org.apache.jasper.JasperException: Unable to compile class for JSP: 

An error occurred at line: [15] in the generated java file: [C:\Users\John\Desktop\apache-tomcat-8.5.23\work\Catalina\localhost\ROOT\org\apache\jsp\index_jsp.java]
Only a type can be imported. model.Product resolves to a package

An error occurred at line: [17] in the generated java file: [C:\Users\John\Desktop\apache-tomcat-8.5.23\work\Catalina\localhost\ROOT\org\apache\jsp\index_jsp.java]
Only a type can be imported. dao.ProductDAOImpl resolves to a package

An error occurred at line: [76] in the jsp file: [/index.jsp]
ProductDAOImpl cannot be resolved to a type
73: 			<div id="left"><jsp:include page="category.jsp"></jsp:include></div>
74: 			<div id="right">
75: 				<%
76: 					ProductDAOImpl productDAO = new ProductDAOImpl();
77: 						List<Product> list = new ArrayList<Product>();
78: 						list = productDAO.getList();
79: 						String ma_the_loai = null;


An error occurred at line: [76] in the jsp file: [/index.jsp]
ProductDAOImpl cannot be resolved to a type
73: 			<div id="left"><jsp:include page="category.jsp"></jsp:include></div>
74: 			<div id="right">
75: 				<%
76: 					ProductDAOImpl productDAO = new ProductDAOImpl();
77: 						List<Product> list = new ArrayList<Product>();
78: 						list = productDAO.getList();
79: 						String ma_the_loai = null;


An error occurred at line: [77] in the jsp file: [/index.jsp]
Product cannot be resolved to a type
74: 			<div id="right">
75: 				<%
76: 					ProductDAOImpl productDAO = new ProductDAOImpl();
77: 						List<Product> list = new ArrayList<Product>();
78: 						list = productDAO.getList();
79: 						String ma_the_loai = null;
80: 						if (request.getParameter("ma_the_loai") != null) {


An error occurred at line: [77] in the jsp file: [/index.jsp]
Product cannot be resolved to a type
74: 			<div id="right">
75: 				<%
76: 					ProductDAOImpl productDAO = new ProductDAOImpl();
77: 						List<Product> list = new ArrayList<Product>();
78: 						list = productDAO.getList();
79: 						String ma_the_loai = null;
80: 						if (request.getParameter("ma_the_loai") != null) {


An error occurred at line: [90] in the jsp file: [/index.jsp]
Product cannot be resolved to a type
87: 					<ul class="products homepage">
88: 						<%
89: 							if (ma_the_loai != null) {
90: 									for (Product p : productDAO.getListByCategory(Integer
91: 											.parseInt(ma_the_loai))) {
92: 						%>
93: 


An error occurred at line: [114] in the jsp file: [/index.jsp]
Product cannot be resolved to a type
111: 						<%
112: 							}
113: 								} else {
114: 									for (Product p : productDAO.getList()) {
115: 						%>
116: 
117: 						<li class="preorder"><span class="tagimg "></span> <a


Stacktrace:
	at org.apache.jasper.compiler.DefaultErrorHandler.javacError(DefaultErrorHandler.java:103)
	at org.apache.jasper.compiler.ErrorDispatcher.javacError(ErrorDispatcher.java:212)
	at org.apache.jasper.compiler.JDTCompiler.generateClass(JDTCompiler.java:457)
	at org.apache.jasper.compiler.Compiler.compile(Compiler.java:379)
	at org.apache.jasper.compiler.Compiler.compile(Compiler.java:351)
	at org.apache.jasper.compiler.Compiler.compile(Compiler.java:335)
	at org.apache.jasper.JspCompilationContext.compile(JspCompilationContext.java:601)
	at org.apache.jasper.servlet.JspServletWrapper.service(JspServletWrapper.java:368)
	at org.apache.jasper.servlet.JspServlet.serviceJspFile(JspServlet.java:385)
	at org.apache.jasper.servlet.JspServlet.service(JspServlet.java:329)
	at javax.servlet.http.HttpServlet.service(HttpServlet.java:742)
	at org.apache.catalina.core.ApplicationFilterChain.internalDoFilter(ApplicationFilterChain.java:231)
	at org.apache.catalina.core.ApplicationFilterChain.doFilter(ApplicationFilterChain.java:166)
	at org.apache.tomcat.websocket.server.WsFilter.doFilter(WsFilter.java:52)
	at org.apache.catalina.core.ApplicationFilterChain.internalDoFilter(ApplicationFilterChain.java:193)
	at org.apache.catalina.core.ApplicationFilterChain.doFilter(ApplicationFilterChain.java:166)
	at org.apache.catalina.core.StandardWrapperValve.invoke(StandardWrapperValve.java:199)
	at org.apache.catalina.core.StandardContextValve.invoke(StandardContextValve.java:96)
	at org.apache.catalina.authenticator.AuthenticatorBase.invoke(AuthenticatorBase.java:478)
	at org.apache.catalina.core.StandardHostValve.invoke(StandardHostValve.java:140)
	at org.apache.catalina.valves.ErrorReportValve.invoke(ErrorReportValve.java:81)
	at org.apache.catalina.valves.AbstractAccessLogValve.invoke(AbstractAccessLogValve.java:650)
	at org.apache.catalina.core.StandardEngineValve.invoke(StandardEngineValve.java:87)
	at org.apache.catalina.connector.CoyoteAdapter.service(CoyoteAdapter.java:342)
	at org.apache.coyote.http11.Http11Processor.service(Http11Processor.java:803)
	at org.apache.coyote.AbstractProcessorLight.process(AbstractProcessorLight.java:66)
	at org.apache.coyote.AbstractProtocol$ConnectionHandler.process(AbstractProtocol.java:868)
	at org.apache.tomcat.util.net.NioEndpoint$SocketProcessor.doRun(NioEndpoint.java:1459)
	at org.apache.tomcat.util.net.SocketProcessorBase.run(SocketProcessorBase.java:49)
	at java.util.concurrent.ThreadPoolExecutor.runWorker(ThreadPoolExecutor.java:1142)
	at java.util.concurrent.ThreadPoolExecutor$Worker.run(ThreadPoolExecutor.java:617)
	at org.apache.tomcat.util.threads.TaskThread$WrappingRunnable.run(TaskThread.java:61)
	at java.lang.Thread.run(Thread.java:748)

18-Nov-2017 19:41:47.948 심각 [http-nio-8080-exec-7] org.apache.catalina.core.StandardWrapperValve.invoke Servlet.service() for servlet [jsp] in context with path [] threw exception [Unable to compile class for JSP: 

An error occurred at line: [15] in the generated java file: [C:\Users\John\Desktop\apache-tomcat-8.5.23\work\Catalina\localhost\ROOT\org\apache\jsp\index_jsp.java]
Only a type can be imported. model.Product resolves to a package

An error occurred at line: [17] in the generated java file: [C:\Users\John\Desktop\apache-tomcat-8.5.23\work\Catalina\localhost\ROOT\org\apache\jsp\index_jsp.java]
Only a type can be imported. dao.ProductDAOImpl resolves to a package

An error occurred at line: [76] in the jsp file: [/index.jsp]
ProductDAOImpl cannot be resolved to a type
73: 			<div id="left"><jsp:include page="category.jsp"></jsp:include></div>
74: 			<div id="right">
75: 				<%
76: 					ProductDAOImpl productDAO = new ProductDAOImpl();
77: 						List<Product> list = new ArrayList<Product>();
78: 						list = productDAO.getList();
79: 						String ma_the_loai = null;


An error occurred at line: [76] in the jsp file: [/index.jsp]
ProductDAOImpl cannot be resolved to a type
73: 			<div id="left"><jsp:include page="category.jsp"></jsp:include></div>
74: 			<div id="right">
75: 				<%
76: 					ProductDAOImpl productDAO = new ProductDAOImpl();
77: 						List<Product> list = new ArrayList<Product>();
78: 						list = productDAO.getList();
79: 						String ma_the_loai = null;


An error occurred at line: [77] in the jsp file: [/index.jsp]
Product cannot be resolved to a type
74: 			<div id="right">
75: 				<%
76: 					ProductDAOImpl productDAO = new ProductDAOImpl();
77: 						List<Product> list = new ArrayList<Product>();
78: 						list = productDAO.getList();
79: 						String ma_the_loai = null;
80: 						if (request.getParameter("ma_the_loai") != null) {


An error occurred at line: [77] in the jsp file: [/index.jsp]
Product cannot be resolved to a type
74: 			<div id="right">
75: 				<%
76: 					ProductDAOImpl productDAO = new ProductDAOImpl();
77: 						List<Product> list = new ArrayList<Product>();
78: 						list = productDAO.getList();
79: 						String ma_the_loai = null;
80: 						if (request.getParameter("ma_the_loai") != null) {


An error occurred at line: [90] in the jsp file: [/index.jsp]
Product cannot be resolved to a type
87: 					<ul class="products homepage">
88: 						<%
89: 							if (ma_the_loai != null) {
90: 									for (Product p : productDAO.getListByCategory(Integer
91: 											.parseInt(ma_the_loai))) {
92: 						%>
93: 


An error occurred at line: [114] in the jsp file: [/index.jsp]
Product cannot be resolved to a type
111: 						<%
112: 							}
113: 								} else {
114: 									for (Product p : productDAO.getList()) {
115: 						%>
116: 
117: 						<li class="preorder"><span class="tagimg "></span> <a


Stacktrace:] with root cause
 org.apache.jasper.JasperException: Unable to compile class for JSP: 

An error occurred at line: [15] in the generated java file: [C:\Users\John\Desktop\apache-tomcat-8.5.23\work\Catalina\localhost\ROOT\org\apache\jsp\index_jsp.java]
Only a type can be imported. model.Product resolves to a package

An error occurred at line: [17] in the generated java file: [C:\Users\John\Desktop\apache-tomcat-8.5.23\work\Catalina\localhost\ROOT\org\apache\jsp\index_jsp.java]
Only a type can be imported. dao.ProductDAOImpl resolves to a package

An error occurred at line: [76] in the jsp file: [/index.jsp]
ProductDAOImpl cannot be resolved to a type
73: 			<div id="left"><jsp:include page="category.jsp"></jsp:include></div>
74: 			<div id="right">
75: 				<%
76: 					ProductDAOImpl productDAO = new ProductDAOImpl();
77: 						List<Product> list = new ArrayList<Product>();
78: 						list = productDAO.getList();
79: 						String ma_the_loai = null;


An error occurred at line: [76] in the jsp file: [/index.jsp]
ProductDAOImpl cannot be resolved to a type
73: 			<div id="left"><jsp:include page="category.jsp"></jsp:include></div>
74: 			<div id="right">
75: 				<%
76: 					ProductDAOImpl productDAO = new ProductDAOImpl();
77: 						List<Product> list = new ArrayList<Product>();
78: 						list = productDAO.getList();
79: 						String ma_the_loai = null;


An error occurred at line: [77] in the jsp file: [/index.jsp]
Product cannot be resolved to a type
74: 			<div id="right">
75: 				<%
76: 					ProductDAOImpl productDAO = new ProductDAOImpl();
77: 						List<Product> list = new ArrayList<Product>();
78: 						list = productDAO.getList();
79: 						String ma_the_loai = null;
80: 						if (request.getParameter("ma_the_loai") != null) {


An error occurred at line: [77] in the jsp file: [/index.jsp]
Product cannot be resolved to a type
74: 			<div id="right">
75: 				<%
76: 					ProductDAOImpl productDAO = new ProductDAOImpl();
77: 						List<Product> list = new ArrayList<Product>();
78: 						list = productDAO.getList();
79: 						String ma_the_loai = null;
80: 						if (request.getParameter("ma_the_loai") != null) {


An error occurred at line: [90] in the jsp file: [/index.jsp]
Product cannot be resolved to a type
87: 					<ul class="products homepage">
88: 						<%
89: 							if (ma_the_loai != null) {
90: 									for (Product p : productDAO.getListByCategory(Integer
91: 											.parseInt(ma_the_loai))) {
92: 						%>
93: 


An error occurred at line: [114] in the jsp file: [/index.jsp]
Product cannot be resolved to a type
111: 						<%
112: 							}
113: 								} else {
114: 									for (Product p : productDAO.getList()) {
115: 						%>
116: 
117: 						<li class="preorder"><span class="tagimg "></span> <a


Stacktrace:
	at org.apache.jasper.compiler.DefaultErrorHandler.javacError(DefaultErrorHandler.java:103)
	at org.apache.jasper.compiler.ErrorDispatcher.javacError(ErrorDispatcher.java:212)
	at org.apache.jasper.compiler.JDTCompiler.generateClass(JDTCompiler.java:457)
	at org.apache.jasper.compiler.Compiler.compile(Compiler.java:379)
	at org.apache.jasper.compiler.Compiler.compile(Compiler.java:351)
	at org.apache.jasper.compiler.Compiler.compile(Compiler.java:335)
	at org.apache.jasper.JspCompilationContext.compile(JspCompilationContext.java:601)
	at org.apache.jasper.servlet.JspServletWrapper.service(JspServletWrapper.java:368)
	at org.apache.jasper.servlet.JspServlet.serviceJspFile(JspServlet.java:385)
	at org.apache.jasper.servlet.JspServlet.service(JspServlet.java:329)
	at javax.servlet.http.HttpServlet.service(HttpServlet.java:742)
	at org.apache.catalina.core.ApplicationFilterChain.internalDoFilter(ApplicationFilterChain.java:231)
	at org.apache.catalina.core.ApplicationFilterChain.doFilter(ApplicationFilterChain.java:166)
	at org.apache.tomcat.websocket.server.WsFilter.doFilter(WsFilter.java:52)
	at org.apache.catalina.core.ApplicationFilterChain.internalDoFilter(ApplicationFilterChain.java:193)
	at org.apache.catalina.core.ApplicationFilterChain.doFilter(ApplicationFilterChain.java:166)
	at org.apache.catalina.core.StandardWrapperValve.invoke(StandardWrapperValve.java:199)
	at org.apache.catalina.core.StandardContextValve.invoke(StandardContextValve.java:96)
	at org.apache.catalina.authenticator.AuthenticatorBase.invoke(AuthenticatorBase.java:478)
	at org.apache.catalina.core.StandardHostValve.invoke(StandardHostValve.java:140)
	at org.apache.catalina.valves.ErrorReportValve.invoke(ErrorReportValve.java:81)
	at org.apache.catalina.valves.AbstractAccessLogValve.invoke(AbstractAccessLogValve.java:650)
	at org.apache.catalina.core.StandardEngineValve.invoke(StandardEngineValve.java:87)
	at org.apache.catalina.connector.CoyoteAdapter.service(CoyoteAdapter.java:342)
	at org.apache.coyote.http11.Http11Processor.service(Http11Processor.java:803)
	at org.apache.coyote.AbstractProcessorLight.process(AbstractProcessorLight.java:66)
	at org.apache.coyote.AbstractProtocol$ConnectionHandler.process(AbstractProtocol.java:868)
	at org.apache.tomcat.util.net.NioEndpoint$SocketProcessor.doRun(NioEndpoint.java:1459)
	at org.apache.tomcat.util.net.SocketProcessorBase.run(SocketProcessorBase.java:49)
	at java.util.concurrent.ThreadPoolExecutor.runWorker(ThreadPoolExecutor.java:1142)
	at java.util.concurrent.ThreadPoolExecutor$Worker.run(ThreadPoolExecutor.java:617)
	at org.apache.tomcat.util.threads.TaskThread$WrappingRunnable.run(TaskThread.java:61)
	at java.lang.Thread.run(Thread.java:748)

